C:\USERS\ISABELLA\DROPBOX\IFES\NOVO PROJETO THANNER SOARES\PROJETOMODELAGEM\PROJETOMODELAGEM\DEBUG\MANIPULAARQUIVO.OBJ
C:\USERS\ISABELLA\DROPBOX\IFES\NOVO PROJETO THANNER SOARES\PROJETOMODELAGEM\PROJETOMODELAGEM\DEBUG\MANIPULAVETORBINARIO.OBJ
C:\USERS\ISABELLA\DROPBOX\IFES\NOVO PROJETO THANNER SOARES\PROJETOMODELAGEM\PROJETOMODELAGEM\DEBUG\MATRIZTRANSICOES.OBJ
C:\USERS\ISABELLA\DROPBOX\IFES\NOVO PROJETO THANNER SOARES\PROJETOMODELAGEM\PROJETOMODELAGEM\DEBUG\PRINCIPAL.OBJ
C:\USERS\ISABELLA\DROPBOX\IFES\NOVO PROJETO THANNER SOARES\PROJETOMODELAGEM\PROJETOMODELAGEM\DEBUG\CSPARSE.OBJ
C:\USERS\ISABELLA\DROPBOX\IFES\NOVO PROJETO THANNER SOARES\PROJETOMODELAGEM\PROJETOMODELAGEM\DEBUG\IMPRIMEMATRIZ.OBJ
C:\USERS\ISABELLA\DROPBOX\IFES\NOVO PROJETO THANNER SOARES\PROJETOMODELAGEM\PROJETOMODELAGEM\DEBUG\VC110.PDB
C:\USERS\ISABELLA\DOCUMENTS\GITHUB\TPA-TP2\PROJETOMODELAGEM\DEBUG\MANIPULAARQUIVO.OBJ
C:\USERS\ISABELLA\DOCUMENTS\GITHUB\TPA-TP2\PROJETOMODELAGEM\DEBUG\MANIPULAVETORBINARIO.OBJ
C:\USERS\ISABELLA\DOCUMENTS\GITHUB\TPA-TP2\PROJETOMODELAGEM\DEBUG\MATRIZTRANSICOES.OBJ
C:\USERS\ISABELLA\DOCUMENTS\GITHUB\TPA-TP2\PROJETOMODELAGEM\DEBUG\PRINCIPAL.OBJ
C:\USERS\ISABELLA\DOCUMENTS\GITHUB\TPA-TP2\PROJETOMODELAGEM\DEBUG\CSPARSE.OBJ
C:\USERS\ISABELLA\DOCUMENTS\GITHUB\TPA-TP2\PROJETOMODELAGEM\DEBUG\IMPRIMEMATRIZ.OBJ
C:\USERS\ISABELLA\DOCUMENTS\GITHUB\TPA-TP2\PROJETOMODELAGEM\DEBUG\VC110.PDB
C:\USERS\ISABELLA\DROPBOX\IFES\NOVO PROJETO THANNER SOARES\PROJETOMODELAGEM\DEBUG\PROJETOMODELAGEM.ILK
C:\USERS\ISABELLA\DROPBOX\IFES\NOVO PROJETO THANNER SOARES\PROJETOMODELAGEM\DEBUG\PROJETOMODELAGEM.EXE
C:\USERS\ISABELLA\DROPBOX\IFES\NOVO PROJETO THANNER SOARES\PROJETOMODELAGEM\DEBUG\PROJETOMODELAGEM.PDB
C:\USERS\ISABELLA\DOCUMENTS\GITHUB\TPA-TP2\DEBUG\PROJETOMODELAGEM.ILK
C:\USERS\ISABELLA\DOCUMENTS\GITHUB\TPA-TP2\DEBUG\PROJETOMODELAGEM.EXE
C:\USERS\ISABELLA\DOCUMENTS\GITHUB\TPA-TP2\DEBUG\PROJETOMODELAGEM.PDB
C:\Users\Isabella\Documents\GitHub\TPA-TP2\ProjetoModelagem\Debug\Arquivo(2).obj
C:\Users\Isabella\Documents\GitHub\TPA-TP2\ProjetoModelagem\Debug\Arquivo.obj
C:\Users\Isabella\Documents\GitHub\TPA-TP2\ProjetoModelagem\Debug\csparse.obj
C:\Users\Isabella\Documents\GitHub\TPA-TP2\ProjetoModelagem\Debug\ImprimeMatriz.obj
C:\Users\Isabella\Documents\GitHub\TPA-TP2\ProjetoModelagem\Debug\LeituraArquivo.obj
C:\Users\Isabella\Documents\GitHub\TPA-TP2\ProjetoModelagem\Debug\ManipulaArquivo.obj
C:\Users\Isabella\Documents\GitHub\TPA-TP2\ProjetoModelagem\Debug\ManipulaVetorBinario.obj
C:\Users\Isabella\Documents\GitHub\TPA-TP2\ProjetoModelagem\Debug\MatrizEsparsa.obj
C:\Users\Isabella\Documents\GitHub\TPA-TP2\ProjetoModelagem\Debug\MatrizRestricao.obj
C:\Users\Isabella\Documents\GitHub\TPA-TP2\ProjetoModelagem\Debug\MatrizSistema.obj
C:\Users\Isabella\Documents\GitHub\TPA-TP2\ProjetoModelagem\Debug\MatrizTransicoes.obj
C:\Users\Isabella\Documents\GitHub\TPA-TP2\ProjetoModelagem\Debug\Principal.obj
C:\Users\Isabella\Documents\GitHub\TPA-TP2\ProjetoModelagem\Debug\cl.command.1.tlog
C:\Users\Isabella\Documents\GitHub\TPA-TP2\ProjetoModelagem\Debug\CL.read.1.tlog
C:\Users\Isabella\Documents\GitHub\TPA-TP2\ProjetoModelagem\Debug\CL.write.1.tlog
C:\Users\Isabella\Documents\GitHub\TPA-TP2\ProjetoModelagem\Debug\link-cvtres.read.1.tlog
C:\Users\Isabella\Documents\GitHub\TPA-TP2\ProjetoModelagem\Debug\link-cvtres.write.1.tlog
C:\Users\Isabella\Documents\GitHub\TPA-TP2\ProjetoModelagem\Debug\link-rc.read.1.tlog
C:\Users\Isabella\Documents\GitHub\TPA-TP2\ProjetoModelagem\Debug\link-rc.write.1.tlog
C:\Users\Isabella\Documents\GitHub\TPA-TP2\ProjetoModelagem\Debug\link.command.1.tlog
C:\Users\Isabella\Documents\GitHub\TPA-TP2\ProjetoModelagem\Debug\link.read.1.tlog
C:\Users\Isabella\Documents\GitHub\TPA-TP2\ProjetoModelagem\Debug\link.write.1.tlog
C:\Users\Isabella\Documents\GitHub\TPA-TP2\ProjetoModelagem\Debug\vc110.idb
C:\Users\Isabella\Documents\GitHub\TPA-TP2\ProjetoModelagem\Debug\vc120(2).idb
C:\Users\Isabella\Documents\GitHub\TPA-TP2\ProjetoModelagem\Debug\vc120.idb
C:\Users\Isabella\Documents\GitHub\TPA-TP2\ProjetoModelagem\Debug\vc110.pdb
C:\Users\Isabella\Documents\GitHub\TPA-TP2\ProjetoModelagem\Debug\vc120.pdb
C:\Users\Isabella\Documents\GitHub\TPA-TP2\Debug\ProjetoModelagem.pdb
C:\Users\Isabella\Documents\GitHub\TPA-TP2\Debug\ProjetoModelagem.exe
C:\Users\Isabella\Documents\GitHub\TPA-TP2\Debug\ProjetoModelagem.ilk
